<?xml version="1.0" encoding="UTF-8"?>
<!-- Generated by org.testng.reporters.JUnitXMLReporter -->
<testsuite ignored="0" hostname="electra" failures="0" tests="3" name="CRM TestCases" time="41.25" errors="0" timestamp="26 Apr 2019 04:03:27 GMT">
  <testcase classname="com.crm.qa.testcases.LoginPageTest" name="loginPageTitleTest" time="0.017"/>
  <testcase classname="com.crm.qa.testcases.LoginPageTest" name="crmLogoImageTest" time="0.056"/>
  <testcase classname="com.crm.qa.testcases.LoginPageTest" name="loginTest" time="5.462"/>
</testsuite> <!-- CRM TestCases -->
