<?xml version="1.0" encoding="UTF-8"?>
<!-- Generated by org.testng.reporters.JUnitXMLReporter -->
<testsuite ignored="0" hostname="electra" failures="0" tests="3" name="Default test" time="93.487" errors="0" timestamp="25 Jun 2019 08:44:25 GMT">
  <testcase classname="com.crm.qa.testcases.LoginPageTest" name="loginPageTitleTest" time="0.15"/>
  <testcase classname="com.crm.qa.testcases.LoginPageTest" name="crmLogoImageTest" time="0.361"/>
  <testcase classname="com.crm.qa.testcases.LoginPageTest" name="loginTest" time="19.293"/>
</testsuite> <!-- Default test -->
